

Microchip MPLAB XC8 Assembler V2.45 build 20230818022343 
                                                                                               Fri Aug 16 16:20:13 2024

Microchip MPLAB XC8 C Compiler v2.45 (Free license) build 20230818022343 Og1 
     1                           	processor	18F4620
     2                           	fnconf	rparam,??,?,0
     3                           	pagewidth 120
     4                           	opt	flic
     5                           	psect	idataCOMRAM,global,class=CODE,delta=1,noexec
     6                           	psect	cinit,global,reloc=2,class=CODE,delta=1
     7                           	psect	bssCOMRAM,global,class=COMRAM,space=1,delta=1,lowdata,noexec
     8                           	psect	dataCOMRAM,global,class=COMRAM,space=1,delta=1,lowdata,noexec
     9                           	psect	cstackCOMRAM,global,class=COMRAM,space=1,delta=1,lowdata,noexec
    10                           	psect	text0,global,reloc=2,class=CODE,delta=1
    11                           	psect	text1,global,reloc=2,class=CODE,delta=1
    12                           	psect	text2,global,reloc=2,class=CODE,delta=1
    13                           	psect	text3,global,reloc=2,class=CODE,delta=1
    14                           	psect	text4,global,reloc=2,class=CODE,delta=1
    15                           	psect	text5,global,reloc=2,class=CODE,delta=1
    16                           	psect	text6,global,reloc=2,class=CODE,delta=1
    17                           	psect	smallconst,global,reloc=2,class=SMALLCONST,delta=1,noexec
    18                           	psect	intsave_regs,global,class=BIGRAM,space=1,delta=1,noexec
    19                           	psect	rparam,global,class=COMRAM,space=1,delta=1,noexec
    20                           	psect	idloc,global,abs,ovrld,class=IDLOC,space=5,delta=1,noexec
    21                           	psect	config,global,abs,ovrld,class=CONFIG,space=4,delta=1,noexec
    22   000000                     
    23                           ; Version 2.40
    24                           ; Generated 17/11/2021 GMT
    25                           ; 
    26                           ; Copyright © 2021, Microchip Technology Inc. and its subsidiaries ("Microchip")
    27                           ; All rights reserved.
    28                           ; 
    29                           ; This software is developed by Microchip Technology Inc. and its subsidiaries ("Microch
      +                          ip").
    30                           ; 
    31                           ; Redistribution and use in source and binary forms, with or without modification, are
    32                           ; permitted provided that the following conditions are met:
    33                           ; 
    34                           ;     1. Redistributions of source code must retain the above copyright notice, this lis
      +                          t of
    35                           ;        conditions and the following disclaimer.
    36                           ; 
    37                           ;     2. Redistributions in binary form must reproduce the above copyright notice, this 
      +                          list
    38                           ;        of conditions and the following disclaimer in the documentation and/or other
    39                           ;        materials provided with the distribution. Publication is not required when
    40                           ;        this file is used in an embedded application.
    41                           ; 
    42                           ;     3. Microchip's name may not be used to endorse or promote products derived from th
      +                          is
    43                           ;        software without specific prior written permission.
    44                           ; 
    45                           ; THIS SOFTWARE IS PROVIDED BY MICROCHIP "AS IS" AND ANY EXPRESS OR IMPLIED WARRANTIES,
    46                           ; INCLUDING, BUT NOT LIMITED TO, THE IMPLIED WARRANTIES OF MERCHANTABILITY AND FITNESS F
      +                          OR
    47                           ; PURPOSE ARE DISCLAIMED.  IN NO EVENT SHALL MICROCHIP BE LIABLE FOR ANY DIRECT, INDIREC
      +                          T,
    48                           ; INCIDENTAL, SPECIAL, EXEMPLARY, OR CONSEQUENTIAL DAMAGES (INCLUDING BUT NOT LIMITED TO
    49                           ; PROCUREMENT OF SUBSTITUTE GOODS OR SERVICES; LOSS OF USE, DATA OR PROFITS; OR BUSINESS
    50                           ; INTERRUPTION) HOWSOEVER CAUSED AND ON ANY THEORY OF LIABILITY, WHETHER IN CONTRACT, ST
      +                          RICT
    51                           ; LIABILITY, OR TORT (INCLUDING NEGLIGENCE OR OTHERWISE) ARISING IN ANY WAY OUT OF THE U
      +                          SE OF
    52                           ; THIS SOFTWARE, EVEN IF ADVISED OF THE POSSIBILITY OF SUCH DAMAGE.
    53                           ; 
    54                           ; 
    55                           ; Code-generator required, PIC18F4620 Definitions
    56                           ; 
    57                           ; SFR Addresses
    58   000000                     
    59                           	psect	idataCOMRAM
    60   0011E4                     __pidataCOMRAM:
    61                           	callstack 0
    62                           
    63                           ;initializer for _port_reg
    64   0011E4  80                 	db	128
    65   0011E5  0F                 	db	15
    66   0011E6  81                 	db	129
    67   0011E7  0F                 	db	15
    68   0011E8  82                 	db	130
    69   0011E9  0F                 	db	15
    70   0011EA  83                 	db	131
    71   0011EB  0F                 	db	15
    72   0011EC  84                 	db	132
    73   0011ED  0F                 	db	15
    74                           
    75                           ;initializer for _lat_reg
    76   0011EE  89                 	db	137
    77   0011EF  0F                 	db	15
    78   0011F0  8A                 	db	138
    79   0011F1  0F                 	db	15
    80   0011F2  8B                 	db	139
    81   0011F3  0F                 	db	15
    82   0011F4  8C                 	db	140
    83   0011F5  0F                 	db	15
    84   0011F6  8D                 	db	141
    85   0011F7  0F                 	db	15
    86                           
    87                           ;initializer for _tris_reg
    88   0011F8  92                 	db	146
    89   0011F9  0F                 	db	15
    90   0011FA  93                 	db	147
    91   0011FB  0F                 	db	15
    92   0011FC  94                 	db	148
    93   0011FD  0F                 	db	15
    94   0011FE  95                 	db	149
    95   0011FF  0F                 	db	15
    96   001200  96                 	db	150
    97   001201  0F                 	db	15
    98                           
    99                           ;initializer for _ret
   100   001202  01                 	db	1
   101                           
   102                           ;initializer for _led_2
   103   001203  92                 	db	146
   104                           
   105                           ;initializer for _led_1
   106   001204  8A                 	db	138
   107                           
   108                           ;initializer for _led_0
   109   001205  82                 	db	130
   110   000000                     _PORTE	set	3972
   111   000000                     _PORTD	set	3971
   112   000000                     _PORTC	set	3970
   113   000000                     _PORTB	set	3969
   114   000000                     _PORTA	set	3968
   115   000000                     _LATA	set	3977
   116   000000                     _TRISA	set	3986
   117   000000                     _TRISE	set	3990
   118   000000                     _TRISD	set	3989
   119   000000                     _TRISC	set	3988
   120   000000                     _TRISB	set	3987
   121   000000                     _LATE	set	3981
   122   000000                     _LATD	set	3980
   123   000000                     _LATC	set	3979
   124   000000                     _LATB	set	3978
   125                           
   126                           ; #config settings
   127                           
   128                           	psect	cinit
   129   00118A                     __pcinit:
   130                           	callstack 0
   131   00118A                     start_initialization:
   132                           	callstack 0
   133   00118A                     __initialization:
   134                           	callstack 0
   135                           
   136                           ; Initialize objects allocated to COMRAM (34 bytes)
   137                           ; load TBLPTR registers with __pidataCOMRAM
   138   00118A  0EE4               	movlw	low __pidataCOMRAM
   139   00118C  6EF6               	movwf	tblptrl,c
   140   00118E  0E11               	movlw	high __pidataCOMRAM
   141   001190  6EF7               	movwf	tblptrh,c
   142   001192  0E00               	movlw	low (__pidataCOMRAM shr (0+16))
   143   001194  6EF8               	movwf	tblptru,c
   144   001196  EE00  F001         	lfsr	0,__pdataCOMRAM
   145   00119A  EE10 F022          	lfsr	1,34
   146   00119E                     copy_data0:
   147   00119E  0009               	tblrd		*+
   148   0011A0  CFF5 FFEE          	movff	tablat,postinc0
   149   0011A4  50E5               	movf	postdec1,w,c
   150   0011A6  50E1               	movf	fsr1l,w,c
   151   0011A8  E1FA               	bnz	copy_data0
   152                           
   153                           ; Clear objects allocated to COMRAM (3 bytes)
   154   0011AA  6A2C               	clrf	(__pbssCOMRAM+2)& (0+255),c
   155   0011AC  6A2B               	clrf	(__pbssCOMRAM+1)& (0+255),c
   156   0011AE  6A2A               	clrf	__pbssCOMRAM& (0+255),c
   157   0011B0                     end_of_initialization:
   158                           	callstack 0
   159   0011B0                     __end_of__initialization:
   160                           	callstack 0
   161   0011B0  0E00               	movlw	low (__Lmediumconst shr (0+16))
   162   0011B2  6EF8               	movwf	tblptru,c
   163   0011B4  0100               	movlb	0
   164   0011B6  EFDD  F008         	goto	_main	;jump to C main() function
   165                           
   166                           	psect	bssCOMRAM
   167   00002A                     __pbssCOMRAM:
   168                           	callstack 0
   169   00002A                     _port_c:
   170                           	callstack 0
   171   00002A                     	ds	1
   172   00002B                     _led_state:
   173                           	callstack 0
   174   00002B                     	ds	1
   175   00002C                     _port_state:
   176                           	callstack 0
   177   00002C                     	ds	1
   178                           
   179                           	psect	dataCOMRAM
   180   000001                     __pdataCOMRAM:
   181                           	callstack 0
   182   000001                     _port_reg:
   183                           	callstack 0
   184   000001                     	ds	10
   185   00000B                     _lat_reg:
   186                           	callstack 0
   187   00000B                     	ds	10
   188   000015                     _tris_reg:
   189                           	callstack 0
   190   000015                     	ds	10
   191   00001F                     _ret:
   192                           	callstack 0
   193   00001F                     	ds	1
   194   000020                     _led_2:
   195                           	callstack 0
   196   000020                     	ds	1
   197   000021                     _led_1:
   198                           	callstack 0
   199   000021                     	ds	1
   200   000022                     _led_0:
   201                           	callstack 0
   202   000022                     	ds	1
   203                           
   204                           	psect	cstackCOMRAM
   205   000023                     __pcstackCOMRAM:
   206                           	callstack 0
   207   000023                     ??_gpio_port_toggle:
   208   000023                     gpio_port_direction_init@port_dir:
   209                           	callstack 0
   210   000023                     gpio_port_get_direction_status@port_dir:
   211                           	callstack 0
   212   000023                     gpio_port_write@port_state:
   213                           	callstack 0
   214   000023                     gpio_port_read@port_state:
   215                           	callstack 0
   216                           
   217                           ; 1 bytes @ 0x0
   218   000023                     	ds	1
   219   000024                     ??_gpio_port_direction_init:
   220   000024                     ??_gpio_port_get_direction_status:
   221   000024                     ??_gpio_port_write:
   222   000024                     ??_gpio_port_read:
   223                           
   224                           ; 1 bytes @ 0x1
   225   000024                     	ds	1
   226   000025                     gpio_port_toggle@ret:
   227                           	callstack 0
   228                           
   229                           ; 1 bytes @ 0x2
   230   000025                     	ds	1
   231   000026                     gpio_port_direction_init@ret:
   232                           	callstack 0
   233   000026                     gpio_port_get_direction_status@ret:
   234                           	callstack 0
   235   000026                     gpio_port_write@ret:
   236                           	callstack 0
   237   000026                     gpio_port_read@ret:
   238                           	callstack 0
   239   000026                     gpio_port_toggle@port_confg:
   240                           	callstack 0
   241                           
   242                           ; 1 bytes @ 0x3
   243   000026                     	ds	1
   244   000027                     gpio_port_direction_init@port_confg:
   245                           	callstack 0
   246   000027                     gpio_port_get_direction_status@port_confg:
   247                           	callstack 0
   248   000027                     gpio_port_write@port_confg:
   249                           	callstack 0
   250   000027                     gpio_port_read@port_confg:
   251                           	callstack 0
   252                           
   253                           ; 1 bytes @ 0x4
   254   000027                     	ds	1
   255   000028                     ??_main:
   256                           
   257                           ; 1 bytes @ 0x5
   258   000028                     	ds	2
   259                           
   260 ;;
   261 ;;Main: autosize = 0, tempsize = 2, incstack = 0, save=0
   262 ;;
   263 ;; *************** function _main *****************
   264 ;; Defined at:
   265 ;;		line 42 in file "application.c"
   266 ;; Parameters:    Size  Location     Type
   267 ;;		None
   268 ;; Auto vars:     Size  Location     Type
   269 ;;		None
   270 ;; Return value:  Size  Location     Type
   271 ;;                  2  237[None  ] int 
   272 ;; Registers used:
   273 ;;		wreg, fsr1l, fsr1h, fsr2l, fsr2h, status,2, status,0, prodl, prodh, cstack
   274 ;; Tracked objects:
   275 ;;		On entry : 0/0
   276 ;;		On exit  : 0/0
   277 ;;		Unchanged: 0/0
   278 ;; Data sizes:     COMRAM   BANK0   BANK1   BANK2   BANK3   BANK4   BANK5   BANK6   BANK7   BANK8   BANK9  BANK10  BANK1
      +1  BANK12  BANK13  BANK14  BANK15
   279 ;;      Params:         0       0       0       0       0       0       0       0       0       0       0       0       
      +0       0       0       0       0
   280 ;;      Locals:         0       0       0       0       0       0       0       0       0       0       0       0       
      +0       0       0       0       0
   281 ;;      Temps:          2       0       0       0       0       0       0       0       0       0       0       0       
      +0       0       0       0       0
   282 ;;      Totals:         2       0       0       0       0       0       0       0       0       0       0       0       
      +0       0       0       0       0
   283 ;;Total ram usage:        2 bytes
   284 ;; Hardware stack levels required when called: 2
   285 ;; This function calls:
   286 ;;		_app_init
   287 ;;		_gpio_port_toggle
   288 ;; This function is called by:
   289 ;;		Startup code after reset
   290 ;; This function uses a non-reentrant model
   291 ;;
   292                           
   293                           	psect	text0
   294   0011BA                     __ptext0:
   295                           	callstack 0
   296   0011BA                     _main:
   297                           	callstack 29
   298   0011BA                     
   299                           ;application.c: 43:     app_init();
   300   0011BA  ECAC  F008         	call	_app_init	;wreg free
   301   0011BE                     l1168:
   302                           
   303                           ;application.c: 52:     ret=gpio_port_toggle(PORTC_INDEX);
   304   0011BE  0E02               	movlw	2
   305   0011C0  EC49  F008         	call	_gpio_port_toggle
   306   0011C4  6E1F               	movwf	_ret^0,c
   307   0011C6                     
   308                           ;application.c: 53:     _delay((unsigned long)((1000)*(4000000/4000.0)));
   309   0011C6  0E06               	movlw	6
   310   0011C8  6E29               	movwf	(??_main+1)^0,c
   311   0011CA  0E13               	movlw	19
   312   0011CC  6E28               	movwf	??_main^0,c
   313   0011CE  0EAE               	movlw	174
   314   0011D0                     u367:
   315   0011D0  2EE8               	decfsz	wreg,f,c
   316   0011D2  D7FE               	bra	u367
   317   0011D4  2E28               	decfsz	??_main^0,f,c
   318   0011D6  D7FC               	bra	u367
   319   0011D8  2E29               	decfsz	(??_main+1)^0,f,c
   320   0011DA  D7FA               	bra	u367
   321   0011DC  EFDF  F008         	goto	l1168
   322   0011E0  EF00  F000         	goto	start
   323   0011E4                     __end_of_main:
   324                           	callstack 0
   325                           
   326 ;; *************** function _gpio_port_toggle *****************
   327 ;; Defined at:
   328 ;;		line 266 in file "MCAL_Layer/GPIO/hal_gpio.c"
   329 ;; Parameters:    Size  Location     Type
   330 ;;  port_confg      1    wreg     enum E2829
   331 ;; Auto vars:     Size  Location     Type
   332 ;;  port_confg      1    3[COMRAM] enum E2829
   333 ;;  ret             1    2[COMRAM] unsigned char 
   334 ;; Return value:  Size  Location     Type
   335 ;;                  1    wreg      unsigned char 
   336 ;; Registers used:
   337 ;;		wreg, fsr2l, fsr2h, status,2, status,0, prodl, prodh
   338 ;; Tracked objects:
   339 ;;		On entry : 0/0
   340 ;;		On exit  : 0/0
   341 ;;		Unchanged: 0/0
   342 ;; Data sizes:     COMRAM   BANK0   BANK1   BANK2   BANK3   BANK4   BANK5   BANK6   BANK7   BANK8   BANK9  BANK10  BANK1
      +1  BANK12  BANK13  BANK14  BANK15
   343 ;;      Params:         0       0       0       0       0       0       0       0       0       0       0       0       
      +0       0       0       0       0
   344 ;;      Locals:         2       0       0       0       0       0       0       0       0       0       0       0       
      +0       0       0       0       0
   345 ;;      Temps:          2       0       0       0       0       0       0       0       0       0       0       0       
      +0       0       0       0       0
   346 ;;      Totals:         4       0       0       0       0       0       0       0       0       0       0       0       
      +0       0       0       0       0
   347 ;;Total ram usage:        4 bytes
   348 ;; Hardware stack levels used: 1
   349 ;; This function calls:
   350 ;;		Nothing
   351 ;; This function is called by:
   352 ;;		_main
   353 ;; This function uses a non-reentrant model
   354 ;;
   355                           
   356                           	psect	text1
   357   001092                     __ptext1:
   358                           	callstack 0
   359   001092                     _gpio_port_toggle:
   360                           	callstack 30
   361                           
   362                           ;incstack = 0
   363                           ;gpio_port_toggle@port_confg stored from wreg
   364   001092  6E26               	movwf	gpio_port_toggle@port_confg^0,c
   365   001094                     
   366                           ;MCAL_Layer/GPIO/hal_gpio.c: 267:     Std_RetrunType ret = ((Std_RetrunType) 0x01);
   367   001094  0E01               	movlw	1
   368   001096  6E25               	movwf	gpio_port_toggle@ret^0,c
   369   001098                     
   370                           ;MCAL_Layer/GPIO/hal_gpio.c: 268:       if(port_confg > 5 -1)
   371   001098  0E04               	movlw	4
   372   00109A  6426               	cpfsgt	gpio_port_toggle@port_confg^0,c
   373   00109C  EF52  F008         	goto	u151
   374   0010A0  EF54  F008         	goto	u150
   375   0010A4                     u151:
   376   0010A4  EF58  F008         	goto	l1022
   377   0010A8                     u150:
   378   0010A8                     
   379                           ;MCAL_Layer/GPIO/hal_gpio.c: 269:     {;MCAL_Layer/GPIO/hal_gpio.c: 270:         ret = (
      +                          (Std_RetrunType) 0x00);
   380   0010A8  0E00               	movlw	0
   381   0010AA  6E25               	movwf	gpio_port_toggle@ret^0,c
   382                           
   383                           ;MCAL_Layer/GPIO/hal_gpio.c: 271:     }
   384   0010AC  EF68  F008         	goto	l1024
   385   0010B0                     l1022:
   386                           
   387                           ;MCAL_Layer/GPIO/hal_gpio.c: 273:     {;MCAL_Layer/GPIO/hal_gpio.c: 274:           *lat_
      +                          reg[port_confg] ^= 0XFF;
   388   0010B0  5026               	movf	gpio_port_toggle@port_confg^0,w,c
   389   0010B2  0D02               	mullw	2
   390   0010B4  50F3               	movf	243,w,c
   391   0010B6  0F0B               	addlw	low _lat_reg
   392   0010B8  6ED9               	movwf	fsr2l,c
   393   0010BA  6ADA               	clrf	fsr2h,c
   394   0010BC  CFDE F023          	movff	postinc2,??_gpio_port_toggle
   395   0010C0  CFDD F024          	movff	postdec2,??_gpio_port_toggle+1
   396   0010C4  C023  FFD9         	movff	??_gpio_port_toggle,fsr2l
   397   0010C8  C024  FFDA         	movff	??_gpio_port_toggle+1,fsr2h
   398   0010CC  0EFF               	movlw	255
   399   0010CE  1ADF               	xorwf	indf2,f,c
   400   0010D0                     l1024:
   401                           
   402                           ;MCAL_Layer/GPIO/hal_gpio.c: 276:     return ret;
   403   0010D0  5025               	movf	gpio_port_toggle@ret^0,w,c
   404   0010D2  0012               	return		;funcret
   405   0010D4                     __end_of_gpio_port_toggle:
   406                           	callstack 0
   407                           
   408 ;; *************** function _app_init *****************
   409 ;; Defined at:
   410 ;;		line 58 in file "application.c"
   411 ;; Parameters:    Size  Location     Type
   412 ;;		None
   413 ;; Auto vars:     Size  Location     Type
   414 ;;		None
   415 ;; Return value:  Size  Location     Type
   416 ;;                  1    wreg      void 
   417 ;; Registers used:
   418 ;;		wreg, fsr1l, fsr1h, fsr2l, fsr2h, status,2, status,0, prodl, prodh, cstack
   419 ;; Tracked objects:
   420 ;;		On entry : 0/0
   421 ;;		On exit  : 0/0
   422 ;;		Unchanged: 0/0
   423 ;; Data sizes:     COMRAM   BANK0   BANK1   BANK2   BANK3   BANK4   BANK5   BANK6   BANK7   BANK8   BANK9  BANK10  BANK1
      +1  BANK12  BANK13  BANK14  BANK15
   424 ;;      Params:         0       0       0       0       0       0       0       0       0       0       0       0       
      +0       0       0       0       0
   425 ;;      Locals:         0       0       0       0       0       0       0       0       0       0       0       0       
      +0       0       0       0       0
   426 ;;      Temps:          0       0       0       0       0       0       0       0       0       0       0       0       
      +0       0       0       0       0
   427 ;;      Totals:         0       0       0       0       0       0       0       0       0       0       0       0       
      +0       0       0       0       0
   428 ;;Total ram usage:        0 bytes
   429 ;; Hardware stack levels used: 1
   430 ;; Hardware stack levels required when called: 1
   431 ;; This function calls:
   432 ;;		_gpio_port_direction_init
   433 ;;		_gpio_port_get_direction_status
   434 ;;		_gpio_port_read
   435 ;;		_gpio_port_write
   436 ;; This function is called by:
   437 ;;		_main
   438 ;; This function uses a non-reentrant model
   439 ;;
   440                           
   441                           	psect	text2
   442   001158                     __ptext2:
   443                           	callstack 0
   444   001158                     _app_init:
   445                           	callstack 29
   446   001158                     
   447                           ;application.c: 63:     ret=gpio_port_direction_init(PORTC_INDEX,0x00);
   448   001158  0E00               	movlw	0
   449   00115A  6E23               	movwf	gpio_port_direction_init@port_dir^0,c
   450   00115C  0E02               	movlw	2
   451   00115E  EC8B  F008         	call	_gpio_port_direction_init
   452   001162  6E1F               	movwf	_ret^0,c
   453   001164                     
   454                           ;application.c: 64:     ret=gpio_port_get_direction_status(PORTC_INDEX,&port_state);
   455   001164  0E2C               	movlw	low _port_state
   456   001166  6E23               	movwf	gpio_port_get_direction_status@port_dir^0,c
   457   001168  0E02               	movlw	2
   458   00116A  EC25  F008         	call	_gpio_port_get_direction_status
   459   00116E  6E1F               	movwf	_ret^0,c
   460   001170                     
   461                           ;application.c: 65:     ret=gpio_port_write(PORTC_INDEX,0xAA);
   462   001170  0EAA               	movlw	170
   463   001172  6E23               	movwf	gpio_port_write@port_state^0,c
   464   001174  0E02               	movlw	2
   465   001176  EC6A  F008         	call	_gpio_port_write
   466   00117A  6E1F               	movwf	_ret^0,c
   467                           
   468                           ;application.c: 66:     ret=gpio_port_read(PORTC_INDEX,&port_state);
   469   00117C  0E2C               	movlw	low _port_state
   470   00117E  6E23               	movwf	gpio_port_read@port_state^0,c
   471   001180  0E02               	movlw	2
   472   001182  EC01  F008         	call	_gpio_port_read
   473   001186  6E1F               	movwf	_ret^0,c
   474   001188  0012               	return		;funcret
   475   00118A                     __end_of_app_init:
   476                           	callstack 0
   477                           
   478 ;; *************** function _gpio_port_write *****************
   479 ;; Defined at:
   480 ;;		line 225 in file "MCAL_Layer/GPIO/hal_gpio.c"
   481 ;; Parameters:    Size  Location     Type
   482 ;;  port_confg      1    wreg     enum E2829
   483 ;;  port_state      1    0[COMRAM] unsigned char 
   484 ;; Auto vars:     Size  Location     Type
   485 ;;  port_confg      1    4[COMRAM] enum E2829
   486 ;;  ret             1    3[COMRAM] unsigned char 
   487 ;; Return value:  Size  Location     Type
   488 ;;                  1    wreg      unsigned char 
   489 ;; Registers used:
   490 ;;		wreg, fsr2l, fsr2h, status,2, status,0, prodl, prodh
   491 ;; Tracked objects:
   492 ;;		On entry : 0/0
   493 ;;		On exit  : 0/0
   494 ;;		Unchanged: 0/0
   495 ;; Data sizes:     COMRAM   BANK0   BANK1   BANK2   BANK3   BANK4   BANK5   BANK6   BANK7   BANK8   BANK9  BANK10  BANK1
      +1  BANK12  BANK13  BANK14  BANK15
   496 ;;      Params:         1       0       0       0       0       0       0       0       0       0       0       0       
      +0       0       0       0       0
   497 ;;      Locals:         2       0       0       0       0       0       0       0       0       0       0       0       
      +0       0       0       0       0
   498 ;;      Temps:          2       0       0       0       0       0       0       0       0       0       0       0       
      +0       0       0       0       0
   499 ;;      Totals:         5       0       0       0       0       0       0       0       0       0       0       0       
      +0       0       0       0       0
   500 ;;Total ram usage:        5 bytes
   501 ;; Hardware stack levels used: 1
   502 ;; This function calls:
   503 ;;		Nothing
   504 ;; This function is called by:
   505 ;;		_app_init
   506 ;; This function uses a non-reentrant model
   507 ;;
   508                           
   509                           	psect	text3
   510   0010D4                     __ptext3:
   511                           	callstack 0
   512   0010D4                     _gpio_port_write:
   513                           	callstack 29
   514                           
   515                           ;incstack = 0
   516                           ;gpio_port_write@port_confg stored from wreg
   517   0010D4  6E27               	movwf	gpio_port_write@port_confg^0,c
   518   0010D6                     
   519                           ;MCAL_Layer/GPIO/hal_gpio.c: 226:     Std_RetrunType ret = ((Std_RetrunType) 0x01);
   520   0010D6  0E01               	movlw	1
   521   0010D8  6E26               	movwf	gpio_port_write@ret^0,c
   522   0010DA                     
   523                           ;MCAL_Layer/GPIO/hal_gpio.c: 227:       if(port_confg > 5 -1)
   524   0010DA  0E04               	movlw	4
   525   0010DC  6427               	cpfsgt	gpio_port_write@port_confg^0,c
   526   0010DE  EF73  F008         	goto	u341
   527   0010E2  EF75  F008         	goto	u340
   528   0010E6                     u341:
   529   0010E6  EF79  F008         	goto	l1142
   530   0010EA                     u340:
   531   0010EA                     
   532                           ;MCAL_Layer/GPIO/hal_gpio.c: 228:     {;MCAL_Layer/GPIO/hal_gpio.c: 229:         ret = (
      +                          (Std_RetrunType) 0x00);
   533   0010EA  0E00               	movlw	0
   534   0010EC  6E26               	movwf	gpio_port_write@ret^0,c
   535                           
   536                           ;MCAL_Layer/GPIO/hal_gpio.c: 230:     }
   537   0010EE  EF89  F008         	goto	l1144
   538   0010F2                     l1142:
   539                           
   540                           ;MCAL_Layer/GPIO/hal_gpio.c: 232:     {;MCAL_Layer/GPIO/hal_gpio.c: 233:           *lat_
      +                          reg[port_confg]=port_state;
   541   0010F2  5027               	movf	gpio_port_write@port_confg^0,w,c
   542   0010F4  0D02               	mullw	2
   543   0010F6  50F3               	movf	243,w,c
   544   0010F8  0F0B               	addlw	low _lat_reg
   545   0010FA  6ED9               	movwf	fsr2l,c
   546   0010FC  6ADA               	clrf	fsr2h,c
   547   0010FE  CFDE F024          	movff	postinc2,??_gpio_port_write
   548   001102  CFDD F025          	movff	postdec2,??_gpio_port_write+1
   549   001106  C024  FFD9         	movff	??_gpio_port_write,fsr2l
   550   00110A  C025  FFDA         	movff	??_gpio_port_write+1,fsr2h
   551   00110E  C023  FFDF         	movff	gpio_port_write@port_state,indf2
   552   001112                     l1144:
   553                           
   554                           ;MCAL_Layer/GPIO/hal_gpio.c: 235:     return ret;
   555   001112  5026               	movf	gpio_port_write@ret^0,w,c
   556   001114  0012               	return		;funcret
   557   001116                     __end_of_gpio_port_write:
   558                           	callstack 0
   559                           
   560 ;; *************** function _gpio_port_read *****************
   561 ;; Defined at:
   562 ;;		line 246 in file "MCAL_Layer/GPIO/hal_gpio.c"
   563 ;; Parameters:    Size  Location     Type
   564 ;;  port_confg      1    wreg     enum E2829
   565 ;;  port_state      1    0[COMRAM] PTR unsigned char 
   566 ;;		 -> port_state(1), 
   567 ;; Auto vars:     Size  Location     Type
   568 ;;  port_confg      1    4[COMRAM] enum E2829
   569 ;;  ret             1    3[COMRAM] unsigned char 
   570 ;; Return value:  Size  Location     Type
   571 ;;                  1    wreg      unsigned char 
   572 ;; Registers used:
   573 ;;		wreg, fsr1l, fsr1h, fsr2l, fsr2h, status,2, status,0, prodl, prodh
   574 ;; Tracked objects:
   575 ;;		On entry : 0/0
   576 ;;		On exit  : 0/0
   577 ;;		Unchanged: 0/0
   578 ;; Data sizes:     COMRAM   BANK0   BANK1   BANK2   BANK3   BANK4   BANK5   BANK6   BANK7   BANK8   BANK9  BANK10  BANK1
      +1  BANK12  BANK13  BANK14  BANK15
   579 ;;      Params:         1       0       0       0       0       0       0       0       0       0       0       0       
      +0       0       0       0       0
   580 ;;      Locals:         2       0       0       0       0       0       0       0       0       0       0       0       
      +0       0       0       0       0
   581 ;;      Temps:          2       0       0       0       0       0       0       0       0       0       0       0       
      +0       0       0       0       0
   582 ;;      Totals:         5       0       0       0       0       0       0       0       0       0       0       0       
      +0       0       0       0       0
   583 ;;Total ram usage:        5 bytes
   584 ;; Hardware stack levels used: 1
   585 ;; This function calls:
   586 ;;		Nothing
   587 ;; This function is called by:
   588 ;;		_app_init
   589 ;; This function uses a non-reentrant model
   590 ;;
   591                           
   592                           	psect	text4
   593   001002                     __ptext4:
   594                           	callstack 0
   595   001002                     _gpio_port_read:
   596                           	callstack 29
   597                           
   598                           ;incstack = 0
   599                           ;gpio_port_read@port_confg stored from wreg
   600   001002  6E27               	movwf	gpio_port_read@port_confg^0,c
   601   001004                     
   602                           ;MCAL_Layer/GPIO/hal_gpio.c: 247:     Std_RetrunType ret = ((Std_RetrunType) 0x01);
   603   001004  0E01               	movlw	1
   604   001006  6E26               	movwf	gpio_port_read@ret^0,c
   605   001008                     
   606                           ;MCAL_Layer/GPIO/hal_gpio.c: 248:       if(port_confg > 5 -1)
   607   001008  0E04               	movlw	4
   608   00100A  6427               	cpfsgt	gpio_port_read@port_confg^0,c
   609   00100C  EF0A  F008         	goto	u351
   610   001010  EF0C  F008         	goto	u350
   611   001014                     u351:
   612   001014  EF10  F008         	goto	l1154
   613   001018                     u350:
   614   001018                     
   615                           ;MCAL_Layer/GPIO/hal_gpio.c: 249:     {;MCAL_Layer/GPIO/hal_gpio.c: 250:         ret = (
      +                          (Std_RetrunType) 0x00);
   616   001018  0E00               	movlw	0
   617   00101A  6E26               	movwf	gpio_port_read@ret^0,c
   618                           
   619                           ;MCAL_Layer/GPIO/hal_gpio.c: 251:     }
   620   00101C  EF23  F008         	goto	l1156
   621   001020                     l1154:
   622                           
   623                           ;MCAL_Layer/GPIO/hal_gpio.c: 253:     {;MCAL_Layer/GPIO/hal_gpio.c: 254:           *port
      +                          _state=*lat_reg[port_confg];
   624   001020  5027               	movf	gpio_port_read@port_confg^0,w,c
   625   001022  0D02               	mullw	2
   626   001024  50F3               	movf	243,w,c
   627   001026  0F0B               	addlw	low _lat_reg
   628   001028  6ED9               	movwf	fsr2l,c
   629   00102A  6ADA               	clrf	fsr2h,c
   630   00102C  CFDE F024          	movff	postinc2,??_gpio_port_read
   631   001030  CFDD F025          	movff	postdec2,??_gpio_port_read+1
   632   001034  C024  FFD9         	movff	??_gpio_port_read,fsr2l
   633   001038  C025  FFDA         	movff	??_gpio_port_read+1,fsr2h
   634   00103C  5023               	movf	gpio_port_read@port_state^0,w,c
   635   00103E  6EE1               	movwf	fsr1l,c
   636   001040  6AE2               	clrf	fsr1h,c
   637   001042  CFDF FFE7          	movff	indf2,indf1
   638   001046                     l1156:
   639                           
   640                           ;MCAL_Layer/GPIO/hal_gpio.c: 256:     return ret;
   641   001046  5026               	movf	gpio_port_read@ret^0,w,c
   642   001048  0012               	return		;funcret
   643   00104A                     __end_of_gpio_port_read:
   644                           	callstack 0
   645                           
   646 ;; *************** function _gpio_port_get_direction_status *****************
   647 ;; Defined at:
   648 ;;		line 204 in file "MCAL_Layer/GPIO/hal_gpio.c"
   649 ;; Parameters:    Size  Location     Type
   650 ;;  port_confg      1    wreg     enum E2829
   651 ;;  port_dir        1    0[COMRAM] PTR unsigned char 
   652 ;;		 -> port_state(1), 
   653 ;; Auto vars:     Size  Location     Type
   654 ;;  port_confg      1    4[COMRAM] enum E2829
   655 ;;  ret             1    3[COMRAM] unsigned char 
   656 ;; Return value:  Size  Location     Type
   657 ;;                  1    wreg      unsigned char 
   658 ;; Registers used:
   659 ;;		wreg, fsr1l, fsr1h, fsr2l, fsr2h, status,2, status,0, prodl, prodh
   660 ;; Tracked objects:
   661 ;;		On entry : 0/0
   662 ;;		On exit  : 0/0
   663 ;;		Unchanged: 0/0
   664 ;; Data sizes:     COMRAM   BANK0   BANK1   BANK2   BANK3   BANK4   BANK5   BANK6   BANK7   BANK8   BANK9  BANK10  BANK1
      +1  BANK12  BANK13  BANK14  BANK15
   665 ;;      Params:         1       0       0       0       0       0       0       0       0       0       0       0       
      +0       0       0       0       0
   666 ;;      Locals:         2       0       0       0       0       0       0       0       0       0       0       0       
      +0       0       0       0       0
   667 ;;      Temps:          2       0       0       0       0       0       0       0       0       0       0       0       
      +0       0       0       0       0
   668 ;;      Totals:         5       0       0       0       0       0       0       0       0       0       0       0       
      +0       0       0       0       0
   669 ;;Total ram usage:        5 bytes
   670 ;; Hardware stack levels used: 1
   671 ;; This function calls:
   672 ;;		Nothing
   673 ;; This function is called by:
   674 ;;		_app_init
   675 ;; This function uses a non-reentrant model
   676 ;;
   677                           
   678                           	psect	text5
   679   00104A                     __ptext5:
   680                           	callstack 0
   681   00104A                     _gpio_port_get_direction_status:
   682                           	callstack 29
   683                           
   684                           ;incstack = 0
   685                           ;gpio_port_get_direction_status@port_confg stored from wreg
   686   00104A  6E27               	movwf	gpio_port_get_direction_status@port_confg^0,c
   687   00104C                     
   688                           ;MCAL_Layer/GPIO/hal_gpio.c: 205:     Std_RetrunType ret = ((Std_RetrunType) 0x01);
   689   00104C  0E01               	movlw	1
   690   00104E  6E26               	movwf	gpio_port_get_direction_status@ret^0,c
   691   001050                     
   692                           ;MCAL_Layer/GPIO/hal_gpio.c: 206:       if(port_confg > 5 -1)
   693   001050  0E04               	movlw	4
   694   001052  6427               	cpfsgt	gpio_port_get_direction_status@port_confg^0,c
   695   001054  EF2E  F008         	goto	u331
   696   001058  EF30  F008         	goto	u330
   697   00105C                     u331:
   698   00105C  EF34  F008         	goto	l1130
   699   001060                     u330:
   700   001060                     
   701                           ;MCAL_Layer/GPIO/hal_gpio.c: 207:     {;MCAL_Layer/GPIO/hal_gpio.c: 208:         ret = (
      +                          (Std_RetrunType) 0x00);
   702   001060  0E00               	movlw	0
   703   001062  6E26               	movwf	gpio_port_get_direction_status@ret^0,c
   704                           
   705                           ;MCAL_Layer/GPIO/hal_gpio.c: 209:     }
   706   001064  EF47  F008         	goto	l1132
   707   001068                     l1130:
   708                           
   709                           ;MCAL_Layer/GPIO/hal_gpio.c: 211:     {;MCAL_Layer/GPIO/hal_gpio.c: 212:           *port
      +                          _dir=*tris_reg[port_confg];
   710   001068  5027               	movf	gpio_port_get_direction_status@port_confg^0,w,c
   711   00106A  0D02               	mullw	2
   712   00106C  50F3               	movf	243,w,c
   713   00106E  0F15               	addlw	low _tris_reg
   714   001070  6ED9               	movwf	fsr2l,c
   715   001072  6ADA               	clrf	fsr2h,c
   716   001074  CFDE F024          	movff	postinc2,??_gpio_port_get_direction_status
   717   001078  CFDD F025          	movff	postdec2,??_gpio_port_get_direction_status+1
   718   00107C  C024  FFD9         	movff	??_gpio_port_get_direction_status,fsr2l
   719   001080  C025  FFDA         	movff	??_gpio_port_get_direction_status+1,fsr2h
   720   001084  5023               	movf	gpio_port_get_direction_status@port_dir^0,w,c
   721   001086  6EE1               	movwf	fsr1l,c
   722   001088  6AE2               	clrf	fsr1h,c
   723   00108A  CFDF FFE7          	movff	indf2,indf1
   724   00108E                     l1132:
   725                           
   726                           ;MCAL_Layer/GPIO/hal_gpio.c: 214:     return ret;
   727   00108E  5026               	movf	gpio_port_get_direction_status@ret^0,w,c
   728   001090  0012               	return		;funcret
   729   001092                     __end_of_gpio_port_get_direction_status:
   730                           	callstack 0
   731                           
   732 ;; *************** function _gpio_port_direction_init *****************
   733 ;; Defined at:
   734 ;;		line 183 in file "MCAL_Layer/GPIO/hal_gpio.c"
   735 ;; Parameters:    Size  Location     Type
   736 ;;  port_confg      1    wreg     enum E2829
   737 ;;  port_dir        1    0[COMRAM] unsigned char 
   738 ;; Auto vars:     Size  Location     Type
   739 ;;  port_confg      1    4[COMRAM] enum E2829
   740 ;;  ret             1    3[COMRAM] unsigned char 
   741 ;; Return value:  Size  Location     Type
   742 ;;                  1    wreg      unsigned char 
   743 ;; Registers used:
   744 ;;		wreg, fsr2l, fsr2h, status,2, status,0, prodl, prodh
   745 ;; Tracked objects:
   746 ;;		On entry : 0/0
   747 ;;		On exit  : 0/0
   748 ;;		Unchanged: 0/0
   749 ;; Data sizes:     COMRAM   BANK0   BANK1   BANK2   BANK3   BANK4   BANK5   BANK6   BANK7   BANK8   BANK9  BANK10  BANK1
      +1  BANK12  BANK13  BANK14  BANK15
   750 ;;      Params:         1       0       0       0       0       0       0       0       0       0       0       0       
      +0       0       0       0       0
   751 ;;      Locals:         2       0       0       0       0       0       0       0       0       0       0       0       
      +0       0       0       0       0
   752 ;;      Temps:          2       0       0       0       0       0       0       0       0       0       0       0       
      +0       0       0       0       0
   753 ;;      Totals:         5       0       0       0       0       0       0       0       0       0       0       0       
      +0       0       0       0       0
   754 ;;Total ram usage:        5 bytes
   755 ;; Hardware stack levels used: 1
   756 ;; This function calls:
   757 ;;		Nothing
   758 ;; This function is called by:
   759 ;;		_app_init
   760 ;; This function uses a non-reentrant model
   761 ;;
   762                           
   763                           	psect	text6
   764   001116                     __ptext6:
   765                           	callstack 0
   766   001116                     _gpio_port_direction_init:
   767                           	callstack 29
   768                           
   769                           ;incstack = 0
   770                           ;gpio_port_direction_init@port_confg stored from wreg
   771   001116  6E27               	movwf	gpio_port_direction_init@port_confg^0,c
   772   001118                     
   773                           ;MCAL_Layer/GPIO/hal_gpio.c: 184:     Std_RetrunType ret = ((Std_RetrunType) 0x01);
   774   001118  0E01               	movlw	1
   775   00111A  6E26               	movwf	gpio_port_direction_init@ret^0,c
   776   00111C                     
   777                           ;MCAL_Layer/GPIO/hal_gpio.c: 185:     if(port_confg > 5 -1)
   778   00111C  0E04               	movlw	4
   779   00111E  6427               	cpfsgt	gpio_port_direction_init@port_confg^0,c
   780   001120  EF94  F008         	goto	u321
   781   001124  EF96  F008         	goto	u320
   782   001128                     u321:
   783   001128  EF9A  F008         	goto	l1118
   784   00112C                     u320:
   785   00112C                     
   786                           ;MCAL_Layer/GPIO/hal_gpio.c: 186:     {;MCAL_Layer/GPIO/hal_gpio.c: 187:         ret = (
      +                          (Std_RetrunType) 0x00);
   787   00112C  0E00               	movlw	0
   788   00112E  6E26               	movwf	gpio_port_direction_init@ret^0,c
   789                           
   790                           ;MCAL_Layer/GPIO/hal_gpio.c: 188:     }
   791   001130  EFAA  F008         	goto	l1120
   792   001134                     l1118:
   793                           
   794                           ;MCAL_Layer/GPIO/hal_gpio.c: 190:     {;MCAL_Layer/GPIO/hal_gpio.c: 191:         *tris_r
      +                          eg[port_confg]=port_dir;
   795   001134  5027               	movf	gpio_port_direction_init@port_confg^0,w,c
   796   001136  0D02               	mullw	2
   797   001138  50F3               	movf	243,w,c
   798   00113A  0F15               	addlw	low _tris_reg
   799   00113C  6ED9               	movwf	fsr2l,c
   800   00113E  6ADA               	clrf	fsr2h,c
   801   001140  CFDE F024          	movff	postinc2,??_gpio_port_direction_init
   802   001144  CFDD F025          	movff	postdec2,??_gpio_port_direction_init+1
   803   001148  C024  FFD9         	movff	??_gpio_port_direction_init,fsr2l
   804   00114C  C025  FFDA         	movff	??_gpio_port_direction_init+1,fsr2h
   805   001150  C023  FFDF         	movff	gpio_port_direction_init@port_dir,indf2
   806   001154                     l1120:
   807                           
   808                           ;MCAL_Layer/GPIO/hal_gpio.c: 193:     return ret;
   809   001154  5026               	movf	gpio_port_direction_init@ret^0,w,c
   810   001156  0012               	return		;funcret
   811   001158                     __end_of_gpio_port_direction_init:
   812                           	callstack 0
   813                           
   814                           	psect	smallconst
   815   001000                     __psmallconst:
   816                           	callstack 0
   817   001000  00                 	db	0
   818   001001  00                 	db	0	; dummy byte at the end
   819   000000                     
   820                           	psect	rparam
   821   000000                     
   822                           	psect	idloc
   823                           
   824                           ;Config register IDLOC0 @ 0x200000
   825                           ;	unspecified, using default values
   826   200000                     	org	2097152
   827   200000  FF                 	db	255
   828                           
   829                           ;Config register IDLOC1 @ 0x200001
   830                           ;	unspecified, using default values
   831   200001                     	org	2097153
   832   200001  FF                 	db	255
   833                           
   834                           ;Config register IDLOC2 @ 0x200002
   835                           ;	unspecified, using default values
   836   200002                     	org	2097154
   837   200002  FF                 	db	255
   838                           
   839                           ;Config register IDLOC3 @ 0x200003
   840                           ;	unspecified, using default values
   841   200003                     	org	2097155
   842   200003  FF                 	db	255
   843                           
   844                           ;Config register IDLOC4 @ 0x200004
   845                           ;	unspecified, using default values
   846   200004                     	org	2097156
   847   200004  FF                 	db	255
   848                           
   849                           ;Config register IDLOC5 @ 0x200005
   850                           ;	unspecified, using default values
   851   200005                     	org	2097157
   852   200005  FF                 	db	255
   853                           
   854                           ;Config register IDLOC6 @ 0x200006
   855                           ;	unspecified, using default values
   856   200006                     	org	2097158
   857   200006  FF                 	db	255
   858                           
   859                           ;Config register IDLOC7 @ 0x200007
   860                           ;	unspecified, using default values
   861   200007                     	org	2097159
   862   200007  FF                 	db	255
   863                           
   864                           	psect	config
   865                           
   866                           ; Padding undefined space
   867   300000                     	org	3145728
   868   300000  FF                 	db	255
   869                           
   870                           ;Config register CONFIG1H @ 0x300001
   871                           ;	Oscillator Selection bits
   872                           ;	OSC = HS, HS oscillator
   873                           ;	Fail-Safe Clock Monitor Enable bit
   874                           ;	FCMEN = OFF, Fail-Safe Clock Monitor disabled
   875                           ;	Internal/External Oscillator Switchover bit
   876                           ;	IESO = OFF, Oscillator Switchover mode disabled
   877   300001                     	org	3145729
   878   300001  02                 	db	2
   879                           
   880                           ;Config register CONFIG2L @ 0x300002
   881                           ;	Power-up Timer Enable bit
   882                           ;	PWRT = OFF, PWRT disabled
   883                           ;	Brown-out Reset Enable bits
   884                           ;	BOREN = OFF, Brown-out Reset disabled in hardware and software
   885                           ;	Brown Out Reset Voltage bits
   886                           ;	BORV = 1, 
   887   300002                     	org	3145730
   888   300002  09                 	db	9
   889                           
   890                           ;Config register CONFIG2H @ 0x300003
   891                           ;	Watchdog Timer Enable bit
   892                           ;	WDT = OFF, WDT disabled (control is placed on the SWDTEN bit)
   893                           ;	Watchdog Timer Postscale Select bits
   894                           ;	WDTPS = 32768, 1:32768
   895   300003                     	org	3145731
   896   300003  1E                 	db	30
   897                           
   898                           ; Padding undefined space
   899   300004                     	org	3145732
   900   300004  FF                 	db	255
   901                           
   902                           ;Config register CONFIG3H @ 0x300005
   903                           ;	CCP2 MUX bit
   904                           ;	CCP2MX = PORTC, CCP2 input/output is multiplexed with RC1
   905                           ;	PORTB A/D Enable bit
   906                           ;	PBADEN = OFF, PORTB<4:0> pins are configured as digital I/O on Reset
   907                           ;	Low-Power Timer1 Oscillator Enable bit
   908                           ;	LPT1OSC = OFF, Timer1 configured for higher power operation
   909                           ;	MCLR Pin Enable bit
   910                           ;	MCLRE = ON, MCLR pin enabled; RE3 input pin disabled
   911   300005                     	org	3145733
   912   300005  81                 	db	129
   913                           
   914                           ;Config register CONFIG4L @ 0x300006
   915                           ;	Stack Full/Underflow Reset Enable bit
   916                           ;	STVREN = ON, Stack full/underflow will cause Reset
   917                           ;	Single-Supply ICSP Enable bit
   918                           ;	LVP = OFF, Single-Supply ICSP disabled
   919                           ;	Extended Instruction Set Enable bit
   920                           ;	XINST = OFF, Instruction set extension and Indexed Addressing mode disabled (Legacy mo
      +                          de)
   921                           ;	Background Debugger Enable bit
   922                           ;	DEBUG = 0x1, unprogrammed default
   923   300006                     	org	3145734
   924   300006  81                 	db	129
   925                           
   926                           ; Padding undefined space
   927   300007                     	org	3145735
   928   300007  FF                 	db	255
   929                           
   930                           ;Config register CONFIG5L @ 0x300008
   931                           ;	Code Protection bit
   932                           ;	CP0 = OFF, Block 0 (000800-003FFFh) not code-protected
   933                           ;	Code Protection bit
   934                           ;	CP1 = OFF, Block 1 (004000-007FFFh) not code-protected
   935                           ;	Code Protection bit
   936                           ;	CP2 = OFF, Block 2 (008000-00BFFFh) not code-protected
   937                           ;	Code Protection bit
   938                           ;	CP3 = OFF, Block 3 (00C000-00FFFFh) not code-protected
   939   300008                     	org	3145736
   940   300008  0F                 	db	15
   941                           
   942                           ;Config register CONFIG5H @ 0x300009
   943                           ;	Boot Block Code Protection bit
   944                           ;	CPB = OFF, Boot block (000000-0007FFh) not code-protected
   945                           ;	Data EEPROM Code Protection bit
   946                           ;	CPD = OFF, Data EEPROM not code-protected
   947   300009                     	org	3145737
   948   300009  C0                 	db	192
   949                           
   950                           ;Config register CONFIG6L @ 0x30000A
   951                           ;	Write Protection bit
   952                           ;	WRT0 = OFF, Block 0 (000800-003FFFh) not write-protected
   953                           ;	Write Protection bit
   954                           ;	WRT1 = OFF, Block 1 (004000-007FFFh) not write-protected
   955                           ;	Write Protection bit
   956                           ;	WRT2 = OFF, Block 2 (008000-00BFFFh) not write-protected
   957                           ;	Write Protection bit
   958                           ;	WRT3 = OFF, Block 3 (00C000-00FFFFh) not write-protected
   959   30000A                     	org	3145738
   960   30000A  0F                 	db	15
   961                           
   962                           ;Config register CONFIG6H @ 0x30000B
   963                           ;	Configuration Register Write Protection bit
   964                           ;	WRTC = OFF, Configuration registers (300000-3000FFh) not write-protected
   965                           ;	Boot Block Write Protection bit
   966                           ;	WRTB = OFF, Boot Block (000000-0007FFh) not write-protected
   967                           ;	Data EEPROM Write Protection bit
   968                           ;	WRTD = OFF, Data EEPROM not write-protected
   969   30000B                     	org	3145739
   970   30000B  E0                 	db	224
   971                           
   972                           ;Config register CONFIG7L @ 0x30000C
   973                           ;	Table Read Protection bit
   974                           ;	EBTR0 = OFF, Block 0 (000800-003FFFh) not protected from table reads executed in other
      +                           blocks
   975                           ;	Table Read Protection bit
   976                           ;	EBTR1 = OFF, Block 1 (004000-007FFFh) not protected from table reads executed in other
      +                           blocks
   977                           ;	Table Read Protection bit
   978                           ;	EBTR2 = OFF, Block 2 (008000-00BFFFh) not protected from table reads executed in other
      +                           blocks
   979                           ;	Table Read Protection bit
   980                           ;	EBTR3 = OFF, Block 3 (00C000-00FFFFh) not protected from table reads executed in other
      +                           blocks
   981   30000C                     	org	3145740
   982   30000C  0F                 	db	15
   983                           
   984                           ;Config register CONFIG7H @ 0x30000D
   985                           ;	Boot Block Table Read Protection bit
   986                           ;	EBTRB = OFF, Boot Block (000000-0007FFh) not protected from table reads executed in ot
      +                          her blocks
   987   30000D                     	org	3145741
   988   30000D  40                 	db	64
   989                           tosu	equ	0xFFF
   990                           tosh	equ	0xFFE
   991                           tosl	equ	0xFFD
   992                           stkptr	equ	0xFFC
   993                           pclatu	equ	0xFFB
   994                           pclath	equ	0xFFA
   995                           pcl	equ	0xFF9
   996                           tblptru	equ	0xFF8
   997                           tblptrh	equ	0xFF7
   998                           tblptrl	equ	0xFF6
   999                           tablat	equ	0xFF5
  1000                           prodh	equ	0xFF4
  1001                           prodl	equ	0xFF3
  1002                           indf0	equ	0xFEF
  1003                           postinc0	equ	0xFEE
  1004                           postdec0	equ	0xFED
  1005                           preinc0	equ	0xFEC
  1006                           plusw0	equ	0xFEB
  1007                           fsr0h	equ	0xFEA
  1008                           fsr0l	equ	0xFE9
  1009                           wreg	equ	0xFE8
  1010                           indf1	equ	0xFE7
  1011                           postinc1	equ	0xFE6
  1012                           postdec1	equ	0xFE5
  1013                           preinc1	equ	0xFE4
  1014                           plusw1	equ	0xFE3
  1015                           fsr1h	equ	0xFE2
  1016                           fsr1l	equ	0xFE1
  1017                           bsr	equ	0xFE0
  1018                           indf2	equ	0xFDF
  1019                           postinc2	equ	0xFDE
  1020                           postdec2	equ	0xFDD
  1021                           preinc2	equ	0xFDC
  1022                           plusw2	equ	0xFDB
  1023                           fsr2h	equ	0xFDA
  1024                           fsr2l	equ	0xFD9
  1025                           status	equ	0xFD8

Data Sizes:
    Strings     0
    Constant    0
    Data        34
    BSS         3
    Persistent  0
    Stack       0

Auto Spaces:
    Space          Size  Autos    Used
    COMRAM          127      7      44
    BANK0           128      0       0
    BANK1           256      0       0
    BANK2           256      0       0
    BANK3           256      0       0
    BANK4           256      0       0
    BANK5           256      0       0
    BANK6           256      0       0
    BANK7           256      0       0
    BANK8           256      0       0
    BANK9           256      0       0
    BANK10          256      0       0
    BANK11          256      0       0
    BANK12          256      0       0
    BANK13          256      0       0
    BANK14          256      0       0
    BANK15          128      0       0

Pointer List with Targets:

    gpio_port_get_direction_status@port_dir	PTR unsigned char  size(1) Largest target is 1
		 -> port_state(COMRAM[1]), 

    gpio_port_read@port_state	PTR unsigned char  size(1) Largest target is 1
		 -> port_state(COMRAM[1]), 

    lat_reg	PTR volatile unsigned char [5] size(2) Largest target is 1
		 -> LATA(BITBIGSFRll[1]), LATB(BITBIGSFRlh[1]), LATC(BITBIGSFRlh[1]), LATD(BITBIGSFRlh[1]), 
		 -> LATE(BITBIGSFRlh[1]), 

    port_reg	PTR volatile unsigned char [5] size(2) Largest target is 1
		 -> PORTA(BITBIGSFRll[1]), PORTB(BITBIGSFRll[1]), PORTC(BITBIGSFRll[1]), PORTD(BITBIGSFRll[1]), 
		 -> PORTE(BITBIGSFRll[1]), 

    tris_reg	PTR volatile unsigned char [5] size(2) Largest target is 1
		 -> TRISA(BITBIGSFRll[1]), TRISB(BITBIGSFRh[1]), TRISC(BITBIGSFRh[1]), TRISD(BITBIGSFRh[1]), 
		 -> TRISE(BITBIGSFRh[1]), 


Critical Paths under _main in COMRAM

    _app_init->_gpio_port_direction_init
    _app_init->_gpio_port_get_direction_status
    _app_init->_gpio_port_read
    _app_init->_gpio_port_write

Critical Paths under _main in BANK0

    None.

Critical Paths under _main in BANK1

    None.

Critical Paths under _main in BANK2

    None.

Critical Paths under _main in BANK3

    None.

Critical Paths under _main in BANK4

    None.

Critical Paths under _main in BANK5

    None.

Critical Paths under _main in BANK6

    None.

Critical Paths under _main in BANK7

    None.

Critical Paths under _main in BANK8

    None.

Critical Paths under _main in BANK9

    None.

Critical Paths under _main in BANK10

    None.

Critical Paths under _main in BANK11

    None.

Critical Paths under _main in BANK12

    None.

Critical Paths under _main in BANK13

    None.

Critical Paths under _main in BANK14

    None.

Critical Paths under _main in BANK15

    None.

Call Graph Tables:

 ---------------------------------------------------------------------------------
 (Depth) Function   	        Calls       Base Space   Used Autos Params    Refs
 ---------------------------------------------------------------------------------
 (0) _main                                                 2     2      0     709
                                              5 COMRAM     2     2      0
                           _app_init
                   _gpio_port_toggle
 ---------------------------------------------------------------------------------
 (1) _gpio_port_toggle                                     4     4      0      45
                                              0 COMRAM     4     4      0
 ---------------------------------------------------------------------------------
 (1) _app_init                                             0     0      0     664
           _gpio_port_direction_init
     _gpio_port_get_direction_status
                     _gpio_port_read
                    _gpio_port_write
 ---------------------------------------------------------------------------------
 (2) _gpio_port_write                                      5     4      1     166
                                              0 COMRAM     5     4      1
 ---------------------------------------------------------------------------------
 (2) _gpio_port_read                                       5     4      1     166
                                              0 COMRAM     5     4      1
 ---------------------------------------------------------------------------------
 (2) _gpio_port_get_direction_status                       5     4      1     166
                                              0 COMRAM     5     4      1
 ---------------------------------------------------------------------------------
 (2) _gpio_port_direction_init                             5     4      1     166
                                              0 COMRAM     5     4      1
 ---------------------------------------------------------------------------------
 Estimated maximum stack depth 2
 ---------------------------------------------------------------------------------

 Call Graph Graphs:

 _main (ROOT)
   _app_init
     _gpio_port_direction_init
     _gpio_port_get_direction_status
     _gpio_port_read
     _gpio_port_write
   _gpio_port_toggle

 Address spaces:
Name               Size   Autos  Total    Cost      Usage
BIGRAM             F7F      0       0      40        0.0%
EEDATA             400      0       0       0        0.0%
BITBANK14          100      0       0      32        0.0%
BANK14             100      0       0      33        0.0%
BITBANK13          100      0       0      30        0.0%
BANK13             100      0       0      31        0.0%
BITBANK12          100      0       0      28        0.0%
BANK12             100      0       0      29        0.0%
BITBANK11          100      0       0      26        0.0%
BANK11             100      0       0      27        0.0%
BITBANK10          100      0       0      24        0.0%
BANK10             100      0       0      25        0.0%
BITBANK9           100      0       0      22        0.0%
BANK9              100      0       0      23        0.0%
BITBANK8           100      0       0      20        0.0%
BANK8              100      0       0      21        0.0%
BITBANK7           100      0       0      18        0.0%
BANK7              100      0       0      19        0.0%
BITBANK6           100      0       0      16        0.0%
BANK6              100      0       0      17        0.0%
BITBANK5           100      0       0      14        0.0%
BANK5              100      0       0      15        0.0%
BITBANK4           100      0       0      12        0.0%
BANK4              100      0       0      13        0.0%
BITBANK3           100      0       0      10        0.0%
BANK3              100      0       0      11        0.0%
BITBANK2           100      0       0       8        0.0%
BANK2              100      0       0       9        0.0%
BITBANK1           100      0       0       6        0.0%
BANK1              100      0       0       7        0.0%
BITBANK15           80      0       0      34        0.0%
BANK15              80      0       0      35        0.0%
BITBANK0            80      0       0       4        0.0%
BANK0               80      0       0       5        0.0%
BITCOMRAM           7F      0       0       0        0.0%
COMRAM              7F      7      2C       1       34.6%
BITBIGSFRh          69      0       0      36        0.0%
BITBIGSFRlh          4      0       0      37        0.0%
BITBIGSFRll          4      0       0      38        0.0%
BIGSFR               0      0       0     200        0.0%
BITSFR               0      0       0     200        0.0%
SFR                  0      0       0     200        0.0%
STACK                0      0       0       2        0.0%
NULL                 0      0       0       0        0.0%
ABS                  0      0      2C      39        0.0%
DATA                 0      0      2C       3        0.0%
CODE                 0      0       0       0        0.0%


Microchip Technology PIC18 Macro Assembler V2.45 build 20230818022343 
Symbol Table                                                                                   Fri Aug 16 16:20:13 2024

                 __end_of_gpio_port_write 1116                  __end_of_gpio_port_toggle 10D4  
                                     l154 1090                                       l164 1048  
                                     l244 1188                                       l149 1156  
                                     l159 1114                                       l169 10D2  
                                     u150 10A8                                       u151 10A4  
                                     u320 112C                                       u321 1128  
                                     u330 1060                                       u331 105C  
                                     u340 10EA                                       u341 10E6  
                                     u350 1018                                       u351 1014  
                                     u367 11D0                                       _ret 001F  
                                     wreg 0FE8                                      l1020 10A8  
                                    l1022 10B0                                      l1120 1154  
                                    l1112 1118                                      l1024 10D0  
                                    l1016 1094                                      l1114 111C  
                                    l1130 1068                                      l1018 1098  
                                    l1116 112C                                      l1132 108E  
                                    l1124 104C                                      l1140 10EA  
                                    l1118 1134                                      l1126 1050  
                                    l1150 1008                                      l1142 10F2  
                                    l1128 1060                                      l1152 1018  
                                    l1144 1112                                      l1136 10D6  
                                    l1160 1158                                      l1154 1020  
                                    l1138 10DA                                      l1162 1164  
                                    l1170 11C6                                      l1156 1046  
                                    l1148 1004                                      l1164 1170  
                                    l1166 11BA                                      l1168 11BE  
                                    _LATA 0F89                                      _LATB 0F8A  
                                    _LATC 0F8B                                      _LATD 0F8C  
                                    _LATE 0F8D                                      _main 11BA  
                                    fsr1h 0FE2                                      fsr2h 0FDA  
                                    indf1 0FE7                                      indf2 0FDF  
                                    fsr1l 0FE1                                      fsr2l 0FD9  
                                    prodl 0FF3                                      start 0000  
                            ___param_bank 0000                                     ?_main 0023  
                                   _PORTA 0F80                                     _PORTB 0F81  
                                   _PORTC 0F82                                     _PORTD 0F83  
                                   _PORTE 0F84                                     _TRISA 0F92  
                                   _TRISB 0F93                                     _TRISC 0F94  
                                   _TRISD 0F95                                     _TRISE 0F96  
                                   _led_0 0022                                     _led_1 0021  
                                   _led_2 0020                                     tablat 0FF5  
                         __initialization 118A                              __end_of_main 11E4  
               ?_gpio_port_direction_init 0023                          ?_gpio_port_write 0023  
                                  ??_main 0028                             __activetblptr 0002  
                        __end_of_app_init 118A                                    isa$std 0001  
                                  _port_c 002A                              __pdataCOMRAM 0001  
                            __mediumconst 0000                                    tblptrh 0FF7  
                                  tblptrl 0FF6                                    tblptru 0FF8  
                              __accesstop 0080                   __end_of__initialization 11B0  
                           ___rparam_used 0001                            __pcstackCOMRAM 0023  
                       ?_gpio_port_toggle 0023                        ??_gpio_port_toggle 0023  
gpio_port_get_direction_status@port_confg 0027        gpio_port_direction_init@port_confg 0027  
                               ?_app_init 0023                                   __Hparam 0000  
                                 __Lparam 0000                              __psmallconst 1000  
                                 __pcinit 118A                                   __ramtop 1000  
                       gpio_port_read@ret 0026                                   __ptext0 11BA  
                                 __ptext1 1092                                   __ptext2 1158  
                                 __ptext3 10D4                                   __ptext4 1002  
                                 __ptext5 104A                                   __ptext6 1116  
                                 _lat_reg 000B                                ??_app_init 0028  
                    end_of_initialization 11B0                            _gpio_port_read 1002  
                           __Lmediumconst 0000                                   postdec1 0FE5  
                                 postdec2 0FDD                                   postinc0 0FEE  
                                 postinc2 0FDE          ??_gpio_port_get_direction_status 0024  
         ?_gpio_port_get_direction_status 0023                                _port_state 002C  
                  __end_of_gpio_port_read 104A                  _gpio_port_direction_init 1116  
                           __pidataCOMRAM 11E4                       start_initialization 118A  
                         ?_gpio_port_read 0023          gpio_port_direction_init@port_dir 0023  
                             __pbssCOMRAM 002A                         ??_gpio_port_write 0024  
                gpio_port_read@port_confg 0027                  gpio_port_read@port_state 0023  
                               _led_state 002B                               __smallconst 1000  
               gpio_port_write@port_confg 0027                 gpio_port_write@port_state 0023  
                     gpio_port_toggle@ret 0025                ??_gpio_port_direction_init 0024  
                               copy_data0 119E                          _gpio_port_toggle 1092  
  __end_of_gpio_port_get_direction_status 1092            _gpio_port_get_direction_status 104A  
                                __Hrparam 0000                                  __Lrparam 0000  
              gpio_port_toggle@port_confg 0026                          ??_gpio_port_read 0024  
                                _app_init 1158                                  isa$xinst 0000  
                                _port_reg 0001                                  _tris_reg 0015  
       gpio_port_get_direction_status@ret 0026                           _gpio_port_write 10D4  
  gpio_port_get_direction_status@port_dir 0023                        gpio_port_write@ret 0026  
             gpio_port_direction_init@ret 0026          __end_of_gpio_port_direction_init 1158  
